21/11/2016 13:23:23 (Std) 	+-+-+-+-+-+-+-+-+-+-+-+-+-+-+-+-+-+-+-+-+-+-+-+-+-+-+-+-+-+-+-+-+-+-+-+-+-+-+-+
21/11/2016 13:23:23 (Std) 	+                     Crazy Eddie's GUI System - Event log                    +
21/11/2016 13:23:23 (Std) 	+                          (http://www.cegui.org.uk/)                         +
21/11/2016 13:23:23 (Std) 	+-+-+-+-+-+-+-+-+-+-+-+-+-+-+-+-+-+-+-+-+-+-+-+-+-+-+-+-+-+-+-+-+-+-+-+-+-+-+-+

21/11/2016 13:23:23 (Std) 	CEGUI::Logger singleton created. (0x183bb30)
21/11/2016 13:23:23 (Std) 	
21/11/2016 13:23:23 (Std) 	********************************************************************************
21/11/2016 13:23:23 (Std) 	* Important:                                                                   *
21/11/2016 13:23:23 (Std) 	*     To get support at the CEGUI forums, you must post _at least_ the section *
21/11/2016 13:23:23 (Std) 	*     of this log file indicated below.  Failure to do this will result in no  *
21/11/2016 13:23:23 (Std) 	*     support being given; please do not waste our time.                       *
21/11/2016 13:23:23 (Std) 	********************************************************************************
21/11/2016 13:23:23 (Std) 	********************************************************************************
21/11/2016 13:23:23 (Std) 	* -------- START OF ESSENTIAL SECTION TO BE POSTED ON THE FORUM       -------- *
21/11/2016 13:23:23 (Std) 	********************************************************************************
21/11/2016 13:23:23 (Std) 	---- Version: 0.8.4 (Build: Mar  2 2015 GNU/Linux g++ 4.8.2 64 bit) ----
21/11/2016 13:23:23 (Std) 	---- Renderer module is: CEGUI::OgreRenderer - Official OGRE based 2nd generation renderer module. ----
21/11/2016 13:23:23 (Std) 	---- XML Parser module is: CEGUI::ExpatParser - Official expat based parser module for CEGUI ----
21/11/2016 13:23:23 (Std) 	---- Image Codec module is: OgreImageCodec - Integrated ImageCodec using the Ogre engine. ----
21/11/2016 13:23:23 (Std) 	---- Scripting module is: None ----
21/11/2016 13:23:23 (Std) 	********************************************************************************
21/11/2016 13:23:23 (Std) 	* -------- END OF ESSENTIAL SECTION TO BE POSTED ON THE FORUM         -------- *
21/11/2016 13:23:23 (Std) 	********************************************************************************
21/11/2016 13:23:23 (Std) 	
21/11/2016 13:23:23 (Std) 	---- Begining CEGUI System initialisation ----
21/11/2016 13:23:23 (Std) 	[CEGUI::ImageManager] Singleton created (0x1800d40)
21/11/2016 13:23:23 (Std) 	[CEGUI::ImageManager] Registered Image type: BasicImage
21/11/2016 13:23:23 (Std) 	CEGUI::FontManager singleton created. (0x1841860)
21/11/2016 13:23:23 (Std) 	CEGUI::WindowFactoryManager singleton created
21/11/2016 13:23:23 (Std) 	CEGUI::WindowManager singleton created (0x173b180)
21/11/2016 13:23:23 (Std) 	CEGUI::SchemeManager singleton created. (0x18414c0)
21/11/2016 13:23:23 (Std) 	CEGUI::GlobalEventSet singleton created. (0x17678f0)
21/11/2016 13:23:23 (Std) 	CEGUI::AnimationManager singleton created (0x1833fa0)
21/11/2016 13:23:23 (Std) 	CEGUI::WidgetLookManager singleton created. (0x173b8b0)
21/11/2016 13:23:23 (Std) 	CEGUI::WindowRendererManager singleton created (0x173b830)
21/11/2016 13:23:23 (Std) 	CEGUI::RenderEffectManager singleton created (0x1784750)
21/11/2016 13:23:23 (Std) 	Created WindowFactory for 'DefaultWindow' windows.
21/11/2016 13:23:23 (Std) 	WindowFactory for 'DefaultWindow' windows added. (0x183c5b0)
21/11/2016 13:23:23 (Std) 	Created WindowFactory for 'DragContainer' windows.
21/11/2016 13:23:23 (Std) 	WindowFactory for 'DragContainer' windows added. (0x183c750)
21/11/2016 13:23:23 (Std) 	Created WindowFactory for 'ScrolledContainer' windows.
21/11/2016 13:23:23 (Std) 	WindowFactory for 'ScrolledContainer' windows added. (0x17b6d30)
21/11/2016 13:23:23 (Std) 	Created WindowFactory for 'ClippedContainer' windows.
21/11/2016 13:23:23 (Std) 	WindowFactory for 'ClippedContainer' windows added. (0x17b6ed0)
21/11/2016 13:23:23 (Std) 	Created WindowFactory for 'CEGUI/PushButton' windows.
21/11/2016 13:23:23 (Std) 	WindowFactory for 'CEGUI/PushButton' windows added. (0x183bff0)
21/11/2016 13:23:23 (Std) 	Created WindowFactory for 'CEGUI/RadioButton' windows.
21/11/2016 13:23:23 (Std) 	WindowFactory for 'CEGUI/RadioButton' windows added. (0x183c190)
21/11/2016 13:23:23 (Std) 	Created WindowFactory for 'CEGUI/Combobox' windows.
21/11/2016 13:23:23 (Std) 	WindowFactory for 'CEGUI/Combobox' windows added. (0x183e120)
21/11/2016 13:23:23 (Std) 	Created WindowFactory for 'CEGUI/ComboDropList' windows.
21/11/2016 13:23:23 (Std) 	WindowFactory for 'CEGUI/ComboDropList' windows added. (0x183e2c0)
21/11/2016 13:23:23 (Std) 	Created WindowFactory for 'CEGUI/Editbox' windows.
21/11/2016 13:23:23 (Std) 	WindowFactory for 'CEGUI/Editbox' windows added. (0x1848d10)
21/11/2016 13:23:23 (Std) 	Created WindowFactory for 'CEGUI/FrameWindow' windows.
21/11/2016 13:23:23 (Std) 	WindowFactory for 'CEGUI/FrameWindow' windows added. (0x1848eb0)
21/11/2016 13:23:23 (Std) 	Created WindowFactory for 'CEGUI/ItemEntry' windows.
21/11/2016 13:23:23 (Std) 	WindowFactory for 'CEGUI/ItemEntry' windows added. (0x1848f70)
21/11/2016 13:23:23 (Std) 	Created WindowFactory for 'CEGUI/Listbox' windows.
21/11/2016 13:23:23 (Std) 	WindowFactory for 'CEGUI/Listbox' windows added. (0x183f440)
21/11/2016 13:23:23 (Std) 	Created WindowFactory for 'CEGUI/ListHeader' windows.
21/11/2016 13:23:23 (Std) 	WindowFactory for 'CEGUI/ListHeader' windows added. (0x183f5e0)
21/11/2016 13:23:23 (Std) 	Created WindowFactory for 'CEGUI/ListHeaderSegment' windows.
21/11/2016 13:23:23 (Std) 	WindowFactory for 'CEGUI/ListHeaderSegment' windows added. (0x183f780)
21/11/2016 13:23:23 (Std) 	Created WindowFactory for 'CEGUI/Menubar' windows.
21/11/2016 13:23:23 (Std) 	WindowFactory for 'CEGUI/Menubar' windows added. (0x184ac30)
21/11/2016 13:23:23 (Std) 	Created WindowFactory for 'CEGUI/PopupMenu' windows.
21/11/2016 13:23:23 (Std) 	WindowFactory for 'CEGUI/PopupMenu' windows added. (0x184add0)
21/11/2016 13:23:23 (Std) 	Created WindowFactory for 'CEGUI/MenuItem' windows.
21/11/2016 13:23:23 (Std) 	WindowFactory for 'CEGUI/MenuItem' windows added. (0x184af70)
21/11/2016 13:23:23 (Std) 	Created WindowFactory for 'CEGUI/MultiColumnList' windows.
21/11/2016 13:23:23 (Std) 	WindowFactory for 'CEGUI/MultiColumnList' windows added. (0x183e930)
21/11/2016 13:23:23 (Std) 	Created WindowFactory for 'CEGUI/MultiLineEditbox' windows.
21/11/2016 13:23:23 (Std) 	WindowFactory for 'CEGUI/MultiLineEditbox' windows added. (0x183ead0)
21/11/2016 13:23:23 (Std) 	Created WindowFactory for 'CEGUI/ProgressBar' windows.
21/11/2016 13:23:23 (Std) 	WindowFactory for 'CEGUI/ProgressBar' windows added. (0x183ec70)
21/11/2016 13:23:23 (Std) 	Created WindowFactory for 'CEGUI/ScrollablePane' windows.
21/11/2016 13:23:23 (Std) 	WindowFactory for 'CEGUI/ScrollablePane' windows added. (0x184bff0)
21/11/2016 13:23:23 (Std) 	Created WindowFactory for 'CEGUI/Scrollbar' windows.
21/11/2016 13:23:23 (Std) 	WindowFactory for 'CEGUI/Scrollbar' windows added. (0x184c190)
21/11/2016 13:23:23 (Std) 	Created WindowFactory for 'CEGUI/Slider' windows.
21/11/2016 13:23:23 (Std) 	WindowFactory for 'CEGUI/Slider' windows added. (0x184c330)
21/11/2016 13:23:23 (Std) 	Created WindowFactory for 'CEGUI/Spinner' windows.
21/11/2016 13:23:23 (Std) 	WindowFactory for 'CEGUI/Spinner' windows added. (0x184c4d0)
21/11/2016 13:23:23 (Std) 	Created WindowFactory for 'CEGUI/TabButton' windows.
21/11/2016 13:23:23 (Std) 	WindowFactory for 'CEGUI/TabButton' windows added. (0x184b680)
21/11/2016 13:23:23 (Std) 	Created WindowFactory for 'CEGUI/TabControl' windows.
21/11/2016 13:23:23 (Std) 	WindowFactory for 'CEGUI/TabControl' windows added. (0x184b820)
21/11/2016 13:23:23 (Std) 	Created WindowFactory for 'CEGUI/Thumb' windows.
21/11/2016 13:23:23 (Std) 	WindowFactory for 'CEGUI/Thumb' windows added. (0x184b9c0)
21/11/2016 13:23:23 (Std) 	Created WindowFactory for 'CEGUI/Titlebar' windows.
21/11/2016 13:23:23 (Std) 	WindowFactory for 'CEGUI/Titlebar' windows added. (0x184ca50)
21/11/2016 13:23:23 (Std) 	Created WindowFactory for 'CEGUI/ToggleButton' windows.
21/11/2016 13:23:23 (Std) 	WindowFactory for 'CEGUI/ToggleButton' windows added. (0x184cbf0)
21/11/2016 13:23:23 (Std) 	Created WindowFactory for 'CEGUI/Tooltip' windows.
21/11/2016 13:23:23 (Std) 	WindowFactory for 'CEGUI/Tooltip' windows added. (0x184cd90)
21/11/2016 13:23:23 (Std) 	Created WindowFactory for 'CEGUI/ItemListbox' windows.
21/11/2016 13:23:23 (Std) 	WindowFactory for 'CEGUI/ItemListbox' windows added. (0x184cf30)
21/11/2016 13:23:23 (Std) 	Created WindowFactory for 'CEGUI/GroupBox' windows.
21/11/2016 13:23:23 (Std) 	WindowFactory for 'CEGUI/GroupBox' windows added. (0x1849e70)
21/11/2016 13:23:23 (Std) 	Created WindowFactory for 'CEGUI/Tree' windows.
21/11/2016 13:23:23 (Std) 	WindowFactory for 'CEGUI/Tree' windows added. (0x184a010)
21/11/2016 13:23:23 (Std) 	Created WindowFactory for 'LayoutCell' windows.
21/11/2016 13:23:23 (Std) 	WindowFactory for 'LayoutCell' windows added. (0x183e820)
21/11/2016 13:23:23 (Std) 	Created WindowFactory for 'HorizontalLayoutContainer' windows.
21/11/2016 13:23:23 (Std) 	WindowFactory for 'HorizontalLayoutContainer' windows added. (0x1847f90)
21/11/2016 13:23:23 (Std) 	Created WindowFactory for 'VerticalLayoutContainer' windows.
21/11/2016 13:23:23 (Std) 	WindowFactory for 'VerticalLayoutContainer' windows added. (0x1848130)
21/11/2016 13:23:23 (Std) 	Created WindowFactory for 'GridLayoutContainer' windows.
21/11/2016 13:23:23 (Std) 	WindowFactory for 'GridLayoutContainer' windows added. (0x18482d0)
21/11/2016 13:23:23 (Std) 	CEGUI::System singleton created. (0x183c320)
21/11/2016 13:23:23 (Std) 	---- CEGUI System initialisation completed ----
21/11/2016 13:23:23 (Std) 	
21/11/2016 13:23:23 (Std) 	Started creation of Scheme from XML specification:
21/11/2016 13:23:23 (Std) 	---- CEGUI GUIScheme name: TaharezLook
21/11/2016 13:23:23 (Std) 	[ImageManager] Started creation of Imageset from XML specification:
21/11/2016 13:23:23 (Std) 	[ImageManager] ---- CEGUI Imageset name: TaharezLook
21/11/2016 13:23:23 (Std) 	[ImageManager] ---- Source texture file: TaharezLook.png
21/11/2016 13:23:23 (Std) 	[ImageManager] ---- Source texture resource group: (Default)
21/11/2016 13:23:23 (Std) 	[OgreRenderer] Created texture: TaharezLook
21/11/2016 13:23:23 (Std) 	[ImageManager] Created image: 'TaharezLook/ClientBrush' (0x18c80d0) of type: BasicImage
21/11/2016 13:23:23 (Std) 	[ImageManager] Created image: 'TaharezLook/GenericBrush' (0x18c82e0) of type: BasicImage
21/11/2016 13:23:23 (Std) 	[ImageManager] Created image: 'TaharezLook/WindowLeftEdge' (0x18d49b0) of type: BasicImage
21/11/2016 13:23:23 (Std) 	[ImageManager] Created image: 'TaharezLook/WindowRightEdge' (0x18d4bc0) of type: BasicImage
21/11/2016 13:23:23 (Std) 	[ImageManager] Created image: 'TaharezLook/WindowTopEdge' (0x18c7a90) of type: BasicImage
21/11/2016 13:23:23 (Std) 	[ImageManager] Created image: 'TaharezLook/WindowBottomEdge' (0x18c64a0) of type: BasicImage
21/11/2016 13:23:23 (Std) 	[ImageManager] Created image: 'TaharezLook/WindowTopLeft' (0x18d4dd0) of type: BasicImage
21/11/2016 13:23:23 (Std) 	[ImageManager] Created image: 'TaharezLook/WindowTopRight' (0x18d4fe0) of type: BasicImage
21/11/2016 13:23:23 (Std) 	[ImageManager] Created image: 'TaharezLook/WindowBottomLeft' (0x18d51f0) of type: BasicImage
21/11/2016 13:23:23 (Std) 	[ImageManager] Created image: 'TaharezLook/WindowBottomRight' (0x18d5400) of type: BasicImage
21/11/2016 13:23:23 (Std) 	[ImageManager] Created image: 'TaharezLook/ButtonLeftNormal' (0x18d5610) of type: BasicImage
21/11/2016 13:23:23 (Std) 	[ImageManager] Created image: 'TaharezLook/ButtonMiddleNormal' (0x18d5820) of type: BasicImage
21/11/2016 13:23:23 (Std) 	[ImageManager] Created image: 'TaharezLook/ButtonRightNormal' (0x18d5a30) of type: BasicImage
21/11/2016 13:23:23 (Std) 	[ImageManager] Created image: 'TaharezLook/ButtonLeftPushed' (0x18d5c40) of type: BasicImage
21/11/2016 13:23:23 (Std) 	[ImageManager] Created image: 'TaharezLook/ButtonMiddlePushed' (0x18d5e50) of type: BasicImage
21/11/2016 13:23:23 (Std) 	[ImageManager] Created image: 'TaharezLook/ButtonRightPushed' (0x18d6060) of type: BasicImage
21/11/2016 13:23:23 (Std) 	[ImageManager] Created image: 'TaharezLook/ButtonLeftHighlight' (0x18d6270) of type: BasicImage
21/11/2016 13:23:23 (Std) 	[ImageManager] Created image: 'TaharezLook/ButtonMiddleHighlight' (0x18d6480) of type: BasicImage
21/11/2016 13:23:23 (Std) 	[ImageManager] Created image: 'TaharezLook/ButtonRightHighlight' (0x18d6690) of type: BasicImage
21/11/2016 13:23:23 (Std) 	[ImageManager] Created image: 'TaharezLook/CheckboxNormal' (0x18d69c0) of type: BasicImage
21/11/2016 13:23:23 (Std) 	[ImageManager] Created image: 'TaharezLook/CheckboxHover' (0x18d6bd0) of type: BasicImage
21/11/2016 13:23:23 (Std) 	[ImageManager] Created image: 'TaharezLook/CheckboxMark' (0x18d6de0) of type: BasicImage
21/11/2016 13:23:23 (Std) 	[ImageManager] Created image: 'TaharezLook/RadioButtonNormal' (0x18d6ff0) of type: BasicImage
21/11/2016 13:23:23 (Std) 	[ImageManager] Created image: 'TaharezLook/RadioButtonHover' (0x18d7200) of type: BasicImage
21/11/2016 13:23:23 (Std) 	[ImageManager] Created image: 'TaharezLook/RadioButtonMark' (0x18d7410) of type: BasicImage
21/11/2016 13:23:23 (Std) 	[ImageManager] Created image: 'TaharezLook/TitlebarLeft' (0x18d7620) of type: BasicImage
21/11/2016 13:23:23 (Std) 	[ImageManager] Created image: 'TaharezLook/TitlebarMiddle' (0x18d7830) of type: BasicImage
21/11/2016 13:23:23 (Std) 	[ImageManager] Created image: 'TaharezLook/TitlebarRight' (0x18d7a40) of type: BasicImage
21/11/2016 13:23:23 (Std) 	[ImageManager] Created image: 'TaharezLook/NewTitlebarLeft' (0x18d7c50) of type: BasicImage
21/11/2016 13:23:23 (Std) 	[ImageManager] Created image: 'TaharezLook/NewTitlebarMiddle' (0x18d7e60) of type: BasicImage
21/11/2016 13:23:23 (Std) 	[ImageManager] Created image: 'TaharezLook/NewTitlebarRight' (0x18d8070) of type: BasicImage
21/11/2016 13:23:23 (Std) 	[ImageManager] Created image: 'TaharezLook/SysAreaMiddle' (0x18c5ff0) of type: BasicImage
21/11/2016 13:23:23 (Std) 	[ImageManager] Created image: 'TaharezLook/SysAreaRight' (0x18d4820) of type: BasicImage
21/11/2016 13:23:23 (Std) 	[ImageManager] Created image: 'TaharezLook/StaticLeft' (0x18c92a0) of type: BasicImage
21/11/2016 13:23:23 (Std) 	[ImageManager] Created image: 'TaharezLook/StaticRight' (0x18c94b0) of type: BasicImage
21/11/2016 13:23:23 (Std) 	[ImageManager] Created image: 'TaharezLook/StaticTop' (0x18c96c0) of type: BasicImage
21/11/2016 13:23:23 (Std) 	[ImageManager] Created image: 'TaharezLook/StaticBottom' (0x18c98d0) of type: BasicImage
21/11/2016 13:23:23 (Std) 	[ImageManager] Created image: 'TaharezLook/StaticTopLeft' (0x18c9ae0) of type: BasicImage
21/11/2016 13:23:23 (Std) 	[ImageManager] Created image: 'TaharezLook/StaticTopRight' (0x18c9cf0) of type: BasicImage
21/11/2016 13:23:23 (Std) 	[ImageManager] Created image: 'TaharezLook/StaticBottomLeft' (0x18c9f00) of type: BasicImage
21/11/2016 13:23:23 (Std) 	[ImageManager] Created image: 'TaharezLook/StaticBottomRight' (0x18ca110) of type: BasicImage
21/11/2016 13:23:23 (Std) 	[ImageManager] Created image: 'TaharezLook/StaticBackdrop' (0x18ca320) of type: BasicImage
21/11/2016 13:23:23 (Std) 	[ImageManager] Created image: 'TaharezLook/ProgressBarLeft' (0x18ca530) of type: BasicImage
21/11/2016 13:23:23 (Std) 	[ImageManager] Created image: 'TaharezLook/ProgressBarMiddle' (0x18ca740) of type: BasicImage
21/11/2016 13:23:23 (Std) 	[ImageManager] Created image: 'TaharezLook/ProgressBarRight' (0x18ca950) of type: BasicImage
21/11/2016 13:23:23 (Std) 	[ImageManager] Created image: 'TaharezLook/ProgressBarDimSegment' (0x18cab60) of type: BasicImage
21/11/2016 13:23:23 (Std) 	[ImageManager] Created image: 'TaharezLook/ProgressBarLitSegment' (0x18cae90) of type: BasicImage
21/11/2016 13:23:23 (Std) 	[ImageManager] Created image: 'TaharezLook/EditBoxLeft' (0x18cb1c0) of type: BasicImage
21/11/2016 13:23:23 (Std) 	[ImageManager] Created image: 'TaharezLook/EditBoxMiddle' (0x18cb3d0) of type: BasicImage
21/11/2016 13:23:23 (Std) 	[ImageManager] Created image: 'TaharezLook/EditBoxRight' (0x18cb5e0) of type: BasicImage
21/11/2016 13:23:23 (Std) 	[ImageManager] Created image: 'TaharezLook/EditBoxCaret' (0x18cb7f0) of type: BasicImage
21/11/2016 13:23:23 (Std) 	[ImageManager] Created image: 'TaharezLook/SpinnerUpNormal' (0x18cba00) of type: BasicImage
21/11/2016 13:23:23 (Std) 	[ImageManager] Created image: 'TaharezLook/SpinnerDownNormal' (0x18cbc10) of type: BasicImage
21/11/2016 13:23:23 (Std) 	[ImageManager] Created image: 'TaharezLook/SpinnerUpHover' (0x18cbe20) of type: BasicImage
21/11/2016 13:23:23 (Std) 	[ImageManager] Created image: 'TaharezLook/SpinnerDownHover' (0x18cc030) of type: BasicImage
21/11/2016 13:23:23 (Std) 	[ImageManager] Created image: 'TaharezLook/TextSelectionBrush' (0x18cc240) of type: BasicImage
21/11/2016 13:23:23 (Std) 	[ImageManager] Created image: 'TaharezLook/VertScrollTop' (0x18cc450) of type: BasicImage
21/11/2016 13:23:23 (Std) 	[ImageManager] Created image: 'TaharezLook/VertScrollMiddle' (0x18cc660) of type: BasicImage
21/11/2016 13:23:23 (Std) 	[ImageManager] Created image: 'TaharezLook/VertScrollBottom' (0x18cc870) of type: BasicImage
21/11/2016 13:23:23 (Std) 	[ImageManager] Created image: 'TaharezLook/VertScrollBarSegment' (0x18cca80) of type: BasicImage
21/11/2016 13:23:23 (Std) 	[ImageManager] Created image: 'TaharezLook/VertScrollThumbNormal' (0x18ccdb0) of type: BasicImage
21/11/2016 13:23:23 (Std) 	[ImageManager] Created image: 'TaharezLook/VertScrollThumbHover' (0x18cd0e0) of type: BasicImage
21/11/2016 13:23:23 (Std) 	[ImageManager] Created image: 'TaharezLook/VertScrollUpNormal' (0x18cd410) of type: BasicImage
21/11/2016 13:23:23 (Std) 	[ImageManager] Created image: 'TaharezLook/VertScrollDownNormal' (0x18cd620) of type: BasicImage
21/11/2016 13:23:23 (Std) 	[ImageManager] Created image: 'TaharezLook/VertScrollUpHover' (0x18cd950) of type: BasicImage
21/11/2016 13:23:23 (Std) 	[ImageManager] Created image: 'TaharezLook/VertScrollDownHover' (0x18cdb60) of type: BasicImage
21/11/2016 13:23:23 (Std) 	[ImageManager] Created image: 'TaharezLook/MiniVertScrollBarSegment' (0x18ce090) of type: BasicImage
21/11/2016 13:23:23 (Std) 	[ImageManager] Created image: 'TaharezLook/MiniVertScrollThumbNormal' (0x18c7900) of type: BasicImage
21/11/2016 13:23:23 (Std) 	[ImageManager] Created image: 'TaharezLook/MiniVertScrollThumbTopNormal' (0x18ce520) of type: BasicImage
21/11/2016 13:23:23 (Std) 	[ImageManager] Created image: 'TaharezLook/MiniVertScrollThumbMiddleNormal' (0x18ce940) of type: BasicImage
21/11/2016 13:23:23 (Std) 	[ImageManager] Created image: 'TaharezLook/MiniVertScrollThumbBottomNormal' (0x18ced90) of type: BasicImage
21/11/2016 13:23:23 (Std) 	[ImageManager] Created image: 'TaharezLook/MiniVertScrollThumbTopHover' (0x18c7770) of type: BasicImage
21/11/2016 13:23:23 (Std) 	[ImageManager] Created image: 'TaharezLook/MiniVertScrollThumbMiddleHover' (0x18ee450) of type: BasicImage
21/11/2016 13:23:23 (Std) 	[ImageManager] Created image: 'TaharezLook/MiniVertScrollThumbBottomHover' (0x18ee8a0) of type: BasicImage
21/11/2016 13:23:23 (Std) 	[ImageManager] Created image: 'TaharezLook/MiniVertScrollThumbHover' (0x18eecf0) of type: BasicImage
21/11/2016 13:23:23 (Std) 	[ImageManager] Created image: 'TaharezLook/MiniVertScrollUpNormal' (0x18ef0e0) of type: BasicImage
21/11/2016 13:23:23 (Std) 	[ImageManager] Created image: 'TaharezLook/MiniVertScrollDownNormal' (0x18ef430) of type: BasicImage
21/11/2016 13:23:23 (Std) 	[ImageManager] Created image: 'TaharezLook/MiniVertScrollUpHover' (0x18ef780) of type: BasicImage
21/11/2016 13:23:23 (Std) 	[ImageManager] Created image: 'TaharezLook/MiniVertScrollDownHover' (0x18efab0) of type: BasicImage
21/11/2016 13:23:23 (Std) 	[ImageManager] Created image: 'TaharezLook/VertSliderBody' (0x18efe00) of type: BasicImage
21/11/2016 13:23:23 (Std) 	[ImageManager] Created image: 'TaharezLook/VertSliderThumbNormal' (0x18f0010) of type: BasicImage
21/11/2016 13:23:23 (Std) 	[ImageManager] Created image: 'TaharezLook/VertSliderThumbHover' (0x18f0340) of type: BasicImage
21/11/2016 13:23:23 (Std) 	[ImageManager] Created image: 'TaharezLook/MiniHorzScrollBarSegment' (0x18f0670) of type: BasicImage
21/11/2016 13:23:23 (Std) 	[ImageManager] Created image: 'TaharezLook/MiniHorzScrollThumbNormal' (0x18f09c0) of type: BasicImage
21/11/2016 13:23:23 (Std) 	[ImageManager] Created image: 'TaharezLook/MiniHorzScrollThumbLeftNormal' (0x18f0d10) of type: BasicImage
21/11/2016 13:23:23 (Std) 	[ImageManager] Created image: 'TaharezLook/MiniHorzScrollThumbMiddleNormal' (0x18f1130) of type: BasicImage
21/11/2016 13:23:23 (Std) 	[ImageManager] Created image: 'TaharezLook/MiniHorzScrollThumbRightNormal' (0x18f14c0) of type: BasicImage
21/11/2016 13:23:23 (Std) 	[ImageManager] Created image: 'TaharezLook/MiniHorzScrollThumbHover' (0x18f1850) of type: BasicImage
21/11/2016 13:23:23 (Std) 	[ImageManager] Created image: 'TaharezLook/MiniHorzScrollThumbLeftHover' (0x18f1ba0) of type: BasicImage
21/11/2016 13:23:23 (Std) 	[ImageManager] Created image: 'TaharezLook/MiniHorzScrollThumbMiddleHover' (0x18f1f10) of type: BasicImage
21/11/2016 13:23:23 (Std) 	[ImageManager] Created image: 'TaharezLook/MiniHorzScrollThumbRightHover' (0x18f22a0) of type: BasicImage
21/11/2016 13:23:23 (Std) 	[ImageManager] Created image: 'TaharezLook/MiniHorzScrollLeftNormal' (0x18f2610) of type: BasicImage
21/11/2016 13:23:23 (Std) 	[ImageManager] Created image: 'TaharezLook/MiniHorzScrollRightNormal' (0x18f2960) of type: BasicImage
21/11/2016 13:23:23 (Std) 	[ImageManager] Created image: 'TaharezLook/MiniHorzScrollLeftHover' (0x18f2cb0) of type: BasicImage
21/11/2016 13:23:23 (Std) 	[ImageManager] Created image: 'TaharezLook/MiniHorzScrollRightHover' (0x18f3000) of type: BasicImage
21/11/2016 13:23:23 (Std) 	[ImageManager] Created image: 'TaharezLook/ListboxLeft' (0x18f3350) of type: BasicImage
21/11/2016 13:23:23 (Std) 	[ImageManager] Created image: 'TaharezLook/ListboxRight' (0x18f3560) of type: BasicImage
21/11/2016 13:23:23 (Std) 	[ImageManager] Created image: 'TaharezLook/ListboxTop' (0x18f3770) of type: BasicImage
21/11/2016 13:23:23 (Std) 	[ImageManager] Created image: 'TaharezLook/ListboxBottom' (0x18f3980) of type: BasicImage
21/11/2016 13:23:23 (Std) 	[ImageManager] Created image: 'TaharezLook/ListboxTopLeft' (0x18f3b90) of type: BasicImage
21/11/2016 13:23:23 (Std) 	[ImageManager] Created image: 'TaharezLook/ListboxTopRight' (0x18f3da0) of type: BasicImage
21/11/2016 13:23:23 (Std) 	[ImageManager] Created image: 'TaharezLook/ListboxBottomLeft' (0x18f3fb0) of type: BasicImage
21/11/2016 13:23:23 (Std) 	[ImageManager] Created image: 'TaharezLook/ListboxBottomRight' (0x18f41c0) of type: BasicImage
21/11/2016 13:23:23 (Std) 	[ImageManager] Created image: 'TaharezLook/ListboxBackdrop' (0x18f43d0) of type: BasicImage
21/11/2016 13:23:23 (Std) 	[ImageManager] Created image: 'TaharezLook/ListboxSelectionBrush' (0x18f45e0) of type: BasicImage
21/11/2016 13:23:23 (Std) 	[ImageManager] Created image: 'TaharezLook/ComboboxEditLeft' (0x18f4910) of type: BasicImage
21/11/2016 13:23:23 (Std) 	[ImageManager] Created image: 'TaharezLook/ComboboxEditMiddle' (0x18f4b20) of type: BasicImage
21/11/2016 13:23:23 (Std) 	[ImageManager] Created image: 'TaharezLook/ComboboxListButtonNormal' (0x18f4d30) of type: BasicImage
21/11/2016 13:23:23 (Std) 	[ImageManager] Created image: 'TaharezLook/ComboboxListButtonHover' (0x18f5080) of type: BasicImage
21/11/2016 13:23:23 (Std) 	[ImageManager] Created image: 'TaharezLook/ComboboxListLeft' (0x18f53d0) of type: BasicImage
21/11/2016 13:23:23 (Std) 	[ImageManager] Created image: 'TaharezLook/ComboboxListRight' (0x18f55e0) of type: BasicImage
21/11/2016 13:23:23 (Std) 	[ImageManager] Created image: 'TaharezLook/ComboboxListTop' (0x18f57f0) of type: BasicImage
21/11/2016 13:23:23 (Std) 	[ImageManager] Created image: 'TaharezLook/ComboboxListBottom' (0x18f5a00) of type: BasicImage
21/11/2016 13:23:23 (Std) 	[ImageManager] Created image: 'TaharezLook/ComboboxListTopLeft' (0x18f5c10) of type: BasicImage
21/11/2016 13:23:23 (Std) 	[ImageManager] Created image: 'TaharezLook/ComboboxListTopRight' (0x18f5e20) of type: BasicImage
21/11/2016 13:23:23 (Std) 	[ImageManager] Created image: 'TaharezLook/ComboboxListBottomLeft' (0x18f6150) of type: BasicImage
21/11/2016 13:23:23 (Std) 	[ImageManager] Created image: 'TaharezLook/ComboboxListBottomRight' (0x18f64a0) of type: BasicImage
21/11/2016 13:23:23 (Std) 	[ImageManager] Created image: 'TaharezLook/ComboboxListBackdrop' (0x18f67f0) of type: BasicImage
21/11/2016 13:23:23 (Std) 	[ImageManager] Created image: 'TaharezLook/ComboboxSelectionBrush' (0x18f6b20) of type: BasicImage
21/11/2016 13:23:23 (Std) 	[ImageManager] Created image: 'TaharezLook/ComboboxDividerLeft' (0x18f6e70) of type: BasicImage
21/11/2016 13:23:23 (Std) 	[ImageManager] Created image: 'TaharezLook/ComboboxDividerMiddle' (0x18f7080) of type: BasicImage
21/11/2016 13:23:23 (Std) 	[ImageManager] Created image: 'TaharezLook/ComboboxDividerRight' (0x18f73b0) of type: BasicImage
21/11/2016 13:23:23 (Std) 	[ImageManager] Created image: 'TaharezLook/HeaderBarBackdropNormal' (0x18f76e0) of type: BasicImage
21/11/2016 13:23:23 (Std) 	[ImageManager] Created image: 'TaharezLook/HeaderBarBackdropHover' (0x18f7a30) of type: BasicImage
21/11/2016 13:23:23 (Std) 	[ImageManager] Created image: 'TaharezLook/HeaderBarSplitterNormal' (0x18f7d80) of type: BasicImage
21/11/2016 13:23:23 (Std) 	[ImageManager] Created image: 'TaharezLook/HeaderBarSplitterHover' (0x18f80d0) of type: BasicImage
21/11/2016 13:23:23 (Std) 	[ImageManager] Created image: 'TaharezLook/HeaderBarSortUp' (0x18f8420) of type: BasicImage
21/11/2016 13:23:23 (Std) 	[ImageManager] Created image: 'TaharezLook/HeaderBarSortDown' (0x18f8630) of type: BasicImage
21/11/2016 13:23:23 (Std) 	[ImageManager] Created image: 'TaharezLook/MultiListLeft' (0x18f8840) of type: BasicImage
21/11/2016 13:23:23 (Std) 	[ImageManager] Created image: 'TaharezLook/MultiListRight' (0x18f8a50) of type: BasicImage
21/11/2016 13:23:23 (Std) 	[ImageManager] Created image: 'TaharezLook/MultiListTop' (0x18f8c60) of type: BasicImage
21/11/2016 13:23:23 (Std) 	[ImageManager] Created image: 'TaharezLook/MultiListBottom' (0x18f8e70) of type: BasicImage
21/11/2016 13:23:23 (Std) 	[ImageManager] Created image: 'TaharezLook/MultiListTopLeft' (0x18f9080) of type: BasicImage
21/11/2016 13:23:23 (Std) 	[ImageManager] Created image: 'TaharezLook/MultiListTopRight' (0x18f9290) of type: BasicImage
21/11/2016 13:23:23 (Std) 	[ImageManager] Created image: 'TaharezLook/MultiListBottomLeft' (0x18f94a0) of type: BasicImage
21/11/2016 13:23:23 (Std) 	[ImageManager] Created image: 'TaharezLook/MultiListBottomRight' (0x18f96b0) of type: BasicImage
21/11/2016 13:23:23 (Std) 	[ImageManager] Created image: 'TaharezLook/MultiListBackdrop' (0x18f99e0) of type: BasicImage
21/11/2016 13:23:23 (Std) 	[ImageManager] Created image: 'TaharezLook/MultiListSelectionBrush' (0x18f9bf0) of type: BasicImage
21/11/2016 13:23:23 (Std) 	[ImageManager] Created image: 'TaharezLook/AltProgressLeft' (0x18f9f40) of type: BasicImage
21/11/2016 13:23:23 (Std) 	[ImageManager] Created image: 'TaharezLook/AltProgressMiddle' (0x18fa150) of type: BasicImage
21/11/2016 13:23:23 (Std) 	[ImageManager] Created image: 'TaharezLook/AltProgressRight' (0x18fa360) of type: BasicImage
21/11/2016 13:23:23 (Std) 	[ImageManager] Created image: 'TaharezLook/AltProgressQuarter' (0x18fa570) of type: BasicImage
21/11/2016 13:23:23 (Std) 	[ImageManager] Created image: 'TaharezLook/AltProgressHalf' (0x18fa780) of type: BasicImage
21/11/2016 13:23:23 (Std) 	[ImageManager] Created image: 'TaharezLook/AltProgressLight1' (0x18fa990) of type: BasicImage
21/11/2016 13:23:23 (Std) 	[ImageManager] Created image: 'TaharezLook/AltProgressLight2' (0x18faba0) of type: BasicImage
21/11/2016 13:23:23 (Std) 	[ImageManager] Created image: 'TaharezLook/AltProgressLight3' (0x18fadb0) of type: BasicImage
21/11/2016 13:23:23 (Std) 	[ImageManager] Created image: 'TaharezLook/AltProgressLight4' (0x18fafc0) of type: BasicImage
21/11/2016 13:23:23 (Std) 	[ImageManager] Created image: 'TaharezLook/AltProgressLight5' (0x18fb1d0) of type: BasicImage
21/11/2016 13:23:23 (Std) 	[ImageManager] Created image: 'TaharezLook/AltProgressLight6' (0x18fb3e0) of type: BasicImage
21/11/2016 13:23:23 (Std) 	[ImageManager] Created image: 'TaharezLook/AltProgressLight7' (0x18fb5f0) of type: BasicImage
21/11/2016 13:23:23 (Std) 	[ImageManager] Created image: 'TaharezLook/AltProgressLight8' (0x18d4500) of type: BasicImage
21/11/2016 13:23:23 (Std) 	[ImageManager] Created image: 'TaharezLook/AltProgressLight9' (0x18fbb20) of type: BasicImage
21/11/2016 13:23:23 (Std) 	[ImageManager] Created image: 'TaharezLook/AltProgressLight10' (0x197bc80) of type: BasicImage
21/11/2016 13:23:23 (Std) 	[ImageManager] Created image: 'TaharezLook/CloseButtonNormal' (0x197bda0) of type: BasicImage
21/11/2016 13:23:23 (Std) 	[ImageManager] Created image: 'TaharezLook/CloseButtonHover' (0x197bfb0) of type: BasicImage
21/11/2016 13:23:23 (Std) 	[ImageManager] Created image: 'TaharezLook/CloseButtonPressed' (0x197c1c0) of type: BasicImage
21/11/2016 13:23:23 (Std) 	[ImageManager] Created image: 'TaharezLook/NewCloseButtonNormal' (0x197c3d0) of type: BasicImage
21/11/2016 13:23:23 (Std) 	[ImageManager] Created image: 'TaharezLook/NewCloseButtonHover' (0x197c5e0) of type: BasicImage
21/11/2016 13:23:23 (Std) 	[ImageManager] Created image: 'TaharezLook/NewCloseButtonPressed' (0x197c7f0) of type: BasicImage
21/11/2016 13:23:23 (Std) 	[ImageManager] Created image: 'TaharezLook/MultiLineEditboxLeft' (0x197ca00) of type: BasicImage
21/11/2016 13:23:23 (Std) 	[ImageManager] Created image: 'TaharezLook/MultiLineEditboxRight' (0x197cc10) of type: BasicImage
21/11/2016 13:23:23 (Std) 	[ImageManager] Created image: 'TaharezLook/MultiLineEditboxTop' (0x197ce20) of type: BasicImage
21/11/2016 13:23:23 (Std) 	[ImageManager] Created image: 'TaharezLook/MultiLineEditboxBottom' (0x197d350) of type: BasicImage
21/11/2016 13:23:23 (Std) 	[ImageManager] Created image: 'TaharezLook/MultiLineEditboxTopLeft' (0x197d470) of type: BasicImage
21/11/2016 13:23:23 (Std) 	[ImageManager] Created image: 'TaharezLook/MultiLineEditboxTopRight' (0x197d7c0) of type: BasicImage
21/11/2016 13:23:23 (Std) 	[ImageManager] Created image: 'TaharezLook/MultiLineEditboxBottomLeft' (0x18fb8b0) of type: BasicImage
21/11/2016 13:23:23 (Std) 	[ImageManager] Created image: 'TaharezLook/MultiLineEditboxBottomRight' (0x197e080) of type: BasicImage
21/11/2016 13:23:23 (Std) 	[ImageManager] Created image: 'TaharezLook/MultiLineEditboxBackdrop' (0x197e3f0) of type: BasicImage
21/11/2016 13:23:23 (Std) 	[ImageManager] Created image: 'TaharezLook/MultiLineEditboxSelectionBrush' (0x197e920) of type: BasicImage
21/11/2016 13:23:23 (Std) 	[ImageManager] Created image: 'TaharezLook/MouseTarget' (0x197f0a0) of type: BasicImage
21/11/2016 13:23:23 (Std) 	[ImageManager] Created image: 'TaharezLook/MouseArrow' (0x197e790) of type: BasicImage
21/11/2016 13:23:23 (Std) 	[ImageManager] Created image: 'TaharezLook/MouseMoveCursor' (0x197f5d0) of type: BasicImage
21/11/2016 13:23:23 (Std) 	[ImageManager] Created image: 'TaharezLook/MouseNoSoCursor' (0x197f7e0) of type: BasicImage
21/11/2016 13:23:23 (Std) 	[ImageManager] Created image: 'TaharezLook/MouseEsWeCursor' (0x197f9f0) of type: BasicImage
21/11/2016 13:23:23 (Std) 	[ImageManager] Created image: 'TaharezLook/MouseNeSwCursor' (0x197fc00) of type: BasicImage
21/11/2016 13:23:23 (Std) 	[ImageManager] Created image: 'TaharezLook/MouseNwSeCursor' (0x197fe10) of type: BasicImage
21/11/2016 13:23:23 (Std) 	[ImageManager] Created image: 'TaharezLook/MouseTextBar' (0x1980020) of type: BasicImage
21/11/2016 13:23:23 (Std) 	[ImageManager] Created image: 'TaharezLook/TabHorizontalFiller' (0x18c7ca0) of type: BasicImage
21/11/2016 13:23:23 (Std) 	[ImageManager] Created image: 'TaharezLook/TabContentPaneUpperLeft' (0x197ece0) of type: BasicImage
21/11/2016 13:23:23 (Std) 	[ImageManager] Created image: 'TaharezLook/TabContentPaneUpper' (0x1980230) of type: BasicImage
21/11/2016 13:23:23 (Std) 	[ImageManager] Created image: 'TaharezLook/TabContentPaneUpperRight' (0x1980350) of type: BasicImage
21/11/2016 13:23:23 (Std) 	[ImageManager] Created image: 'TaharezLook/TabContentPaneLeft' (0x1980600) of type: BasicImage
21/11/2016 13:23:23 (Std) 	[ImageManager] Created image: 'TaharezLook/TabContentPaneRight' (0x1980810) of type: BasicImage
21/11/2016 13:23:23 (Std) 	[ImageManager] Created image: 'TaharezLook/TabContentPaneLower' (0x1980a20) of type: BasicImage
21/11/2016 13:23:23 (Std) 	[ImageManager] Created image: 'TaharezLook/TabContentPaneLowerLeft' (0x1980c30) of type: BasicImage
21/11/2016 13:23:23 (Std) 	[ImageManager] Created image: 'TaharezLook/TabContentPaneLowerRight' (0x1980f80) of type: BasicImage
21/11/2016 13:23:23 (Std) 	[ImageManager] Created image: 'TaharezLook/TabContentPaneMiddle' (0x19812d0) of type: BasicImage
21/11/2016 13:23:23 (Std) 	[ImageManager] Created image: 'TaharezLook/TabButtonScrollLeftNormal' (0x1981670) of type: BasicImage
21/11/2016 13:23:23 (Std) 	[ImageManager] Created image: 'TaharezLook/TabButtonScrollRightNormal' (0x1981ce0) of type: BasicImage
21/11/2016 13:23:23 (Std) 	[ImageManager] Created image: 'TaharezLook/TabButtonScrollLeftHover' (0x197f440) of type: BasicImage
21/11/2016 13:23:23 (Std) 	[ImageManager] Created image: 'TaharezLook/TabButtonScrollRightHover' (0x1982130) of type: BasicImage
21/11/2016 13:23:23 (Std) 	[ImageManager] Created image: 'TaharezLook/TabButtonLeftNormal' (0x1982480) of type: BasicImage
21/11/2016 13:23:23 (Std) 	[ImageManager] Created image: 'TaharezLook/TabButtonRightNormal' (0x1982690) of type: BasicImage
21/11/2016 13:23:23 (Std) 	[ImageManager] Created image: 'TaharezLook/TabButtonUpperNormal' (0x19828a0) of type: BasicImage
21/11/2016 13:23:23 (Std) 	[ImageManager] Created image: 'TaharezLook/TabButtonLowerNormal' (0x1982bd0) of type: BasicImage
21/11/2016 13:23:23 (Std) 	[ImageManager] Created image: 'TaharezLook/TabButtonUpperLeftNormal' (0x1983220) of type: BasicImage
21/11/2016 13:23:23 (Std) 	[ImageManager] Created image: 'TaharezLook/TabButtonUpperLeft2Normal' (0x19834d0) of type: BasicImage
21/11/2016 13:23:23 (Std) 	[ImageManager] Created image: 'TaharezLook/TabButtonUpperRightNormal' (0x1983820) of type: BasicImage
21/11/2016 13:23:23 (Std) 	[ImageManager] Created image: 'TaharezLook/TabButtonLowerLeftNormal' (0x1983b70) of type: BasicImage
21/11/2016 13:23:23 (Std) 	[ImageManager] Created image: 'TaharezLook/TabButtonLowerRightNormal' (0x1983ec0) of type: BasicImage
21/11/2016 13:23:23 (Std) 	[ImageManager] Created image: 'TaharezLook/TabButtonLowerRight2Normal' (0x1984530) of type: BasicImage
21/11/2016 13:23:23 (Std) 	[ImageManager] Created image: 'TaharezLook/TabButtonMiddleNormal' (0x197dca0) of type: BasicImage
21/11/2016 13:23:23 (Std) 	[ImageManager] Created image: 'TaharezLook/TabButtonLeftSelected' (0x19848e0) of type: BasicImage
21/11/2016 13:23:23 (Std) 	[ImageManager] Created image: 'TaharezLook/TabButtonRightSelected' (0x1984c80) of type: BasicImage
21/11/2016 13:23:23 (Std) 	[ImageManager] Created image: 'TaharezLook/TabButtonUpperSelected' (0x1984fd0) of type: BasicImage
21/11/2016 13:23:23 (Std) 	[ImageManager] Created image: 'TaharezLook/TabButtonLowerSelected' (0x1985320) of type: BasicImage
21/11/2016 13:23:23 (Std) 	[ImageManager] Created image: 'TaharezLook/TabButtonUpperLeftSelected' (0x1985990) of type: BasicImage
21/11/2016 13:23:23 (Std) 	[ImageManager] Created image: 'TaharezLook/TabButtonUpperRightSelected' (0x1985c50) of type: BasicImage
21/11/2016 13:23:23 (Std) 	[ImageManager] Created image: 'TaharezLook/TabButtonLowerLeftSelected' (0x1985fc0) of type: BasicImage
21/11/2016 13:23:23 (Std) 	[ImageManager] Created image: 'TaharezLook/TabButtonLowerRightSelected' (0x1986330) of type: BasicImage
21/11/2016 13:23:23 (Std) 	[ImageManager] Created image: 'TaharezLook/TabButtonMiddleSelected' (0x19866a0) of type: BasicImage
21/11/2016 13:23:23 (Std) 	[ImageManager] Created image: 'TaharezLook/TooltipTopLeft' (0x19868b0) of type: BasicImage
21/11/2016 13:23:23 (Std) 	[ImageManager] Created image: 'TaharezLook/TooltipTopRight' (0x1986ac0) of type: BasicImage
21/11/2016 13:23:23 (Std) 	[ImageManager] Created image: 'TaharezLook/TooltipBottomLeft' (0x1986cd0) of type: BasicImage
21/11/2016 13:23:23 (Std) 	[ImageManager] Created image: 'TaharezLook/TooltipBottomRight' (0x1986ee0) of type: BasicImage
21/11/2016 13:23:23 (Std) 	[ImageManager] Created image: 'TaharezLook/TooltipLeftEdge' (0x19870f0) of type: BasicImage
21/11/2016 13:23:23 (Std) 	[ImageManager] Created image: 'TaharezLook/TooltipRightEdge' (0x1987300) of type: BasicImage
21/11/2016 13:23:23 (Std) 	[ImageManager] Created image: 'TaharezLook/TooltipTopEdge' (0x1987510) of type: BasicImage
21/11/2016 13:23:23 (Std) 	[ImageManager] Created image: 'TaharezLook/TooltipBottomEdge' (0x1987720) of type: BasicImage
21/11/2016 13:23:23 (Std) 	[ImageManager] Created image: 'TaharezLook/TooltipMiddle' (0x1987930) of type: BasicImage
21/11/2016 13:23:23 (Std) 	[ImageManager] Created image: 'TaharezLook/MenuTopLeft' (0x1987b40) of type: BasicImage
21/11/2016 13:23:23 (Std) 	[ImageManager] Created image: 'TaharezLook/MenuTopRight' (0x1987d50) of type: BasicImage
21/11/2016 13:23:23 (Std) 	[ImageManager] Created image: 'TaharezLook/MenuBottomLeft' (0x1987f60) of type: BasicImage
21/11/2016 13:23:23 (Std) 	[ImageManager] Created image: 'TaharezLook/MenuBottomRight' (0x1988170) of type: BasicImage
21/11/2016 13:23:23 (Std) 	[ImageManager] Created image: 'TaharezLook/MenuLeft' (0x1988380) of type: BasicImage
21/11/2016 13:23:23 (Std) 	[ImageManager] Created image: 'TaharezLook/MenuRight' (0x1988590) of type: BasicImage
21/11/2016 13:23:23 (Std) 	[ImageManager] Created image: 'TaharezLook/MenuTop' (0x19887a0) of type: BasicImage
21/11/2016 13:23:23 (Std) 	[ImageManager] Created image: 'TaharezLook/MenuBottom' (0x19889b0) of type: BasicImage
21/11/2016 13:23:23 (Std) 	[ImageManager] Created image: 'TaharezLook/MenuMiddle' (0x1988bc0) of type: BasicImage
21/11/2016 13:23:23 (Std) 	[ImageManager] Created image: 'TaharezLook/PopupMenuFrameTopLeft' (0x1988dd0) of type: BasicImage
21/11/2016 13:23:23 (Std) 	[ImageManager] Created image: 'TaharezLook/PopupMenuFrameTopRight' (0x1988fe0) of type: BasicImage
21/11/2016 13:23:23 (Std) 	[ImageManager] Created image: 'TaharezLook/PopupMenuFrameBottomLeft' (0x19893d0) of type: BasicImage
21/11/2016 13:23:23 (Std) 	[ImageManager] Created image: 'TaharezLook/PopupMenuFrameBottomRight' (0x1989720) of type: BasicImage
21/11/2016 13:23:23 (Std) 	[ImageManager] Created image: 'TaharezLook/PopupMenuFrameLeft' (0x1989a70) of type: BasicImage
21/11/2016 13:23:23 (Std) 	[ImageManager] Created image: 'TaharezLook/PopupMenuFrameRight' (0x1989c80) of type: BasicImage
21/11/2016 13:23:23 (Std) 	[ImageManager] Created image: 'TaharezLook/PopupMenuFrameTop' (0x1989e90) of type: BasicImage
21/11/2016 13:23:23 (Std) 	[ImageManager] Created image: 'TaharezLook/PopupMenuFrameBottom' (0x198a0a0) of type: BasicImage
21/11/2016 13:23:23 (Std) 	[ImageManager] Created image: 'TaharezLook/PopupMenuMiddle' (0x198a2b0) of type: BasicImage
21/11/2016 13:23:23 (Std) 	[ImageManager] Created image: 'TaharezLook/PopupMenuArrowRight' (0x198a4c0) of type: BasicImage
21/11/2016 13:23:23 (Std) 	[ImageManager] Created image: 'TaharezLook/PopupMenuArrowLeft' (0x198a6d0) of type: BasicImage
21/11/2016 13:23:23 (Std) 	[ImageManager] Created image: 'TaharezLook/TreeListClosed' (0x198a8e0) of type: BasicImage
21/11/2016 13:23:23 (Std) 	[ImageManager] Created image: 'TaharezLook/TreeListOpened' (0x198aaf0) of type: BasicImage
21/11/2016 13:23:23 (Std) 	===== Falagard 'root' element: look and feel parsing begins =====
21/11/2016 13:23:23 (Std) 	===== Look and feel parsing completed =====
21/11/2016 13:23:23 (Std) 	No window renderer factories specified for module 'CEGUICoreWindowRendererSet' - adding all available factories...
21/11/2016 13:23:23 (Std) 	Created WindowRendererFactory for 'Core/Button' WindowRenderers.
21/11/2016 13:23:23 (Std) 	WindowRendererFactory 'Core/Button' added. (0x1b9f410)
21/11/2016 13:23:23 (Std) 	Created WindowRendererFactory for 'Core/Default' WindowRenderers.
21/11/2016 13:23:23 (Std) 	WindowRendererFactory 'Core/Default' added. (0x1b9f5b0)
21/11/2016 13:23:23 (Std) 	Created WindowRendererFactory for 'Core/Editbox' WindowRenderers.
21/11/2016 13:23:23 (Std) 	WindowRendererFactory 'Core/Editbox' added. (0x1b62340)
21/11/2016 13:23:23 (Std) 	Created WindowRendererFactory for 'Core/FrameWindow' WindowRenderers.
21/11/2016 13:23:23 (Std) 	WindowRendererFactory 'Core/FrameWindow' added. (0x1b624e0)
21/11/2016 13:23:23 (Std) 	Created WindowRendererFactory for 'Core/ItemEntry' WindowRenderers.
21/11/2016 13:23:23 (Std) 	WindowRendererFactory 'Core/ItemEntry' added. (0x1b62680)
21/11/2016 13:23:23 (Std) 	Created WindowRendererFactory for 'Core/ListHeader' WindowRenderers.
21/11/2016 13:23:23 (Std) 	WindowRendererFactory 'Core/ListHeader' added. (0x1c05090)
21/11/2016 13:23:23 (Std) 	Created WindowRendererFactory for 'Core/ListHeaderSegment' WindowRenderers.
21/11/2016 13:23:23 (Std) 	WindowRendererFactory 'Core/ListHeaderSegment' added. (0x1c05230)
21/11/2016 13:23:23 (Std) 	Created WindowRendererFactory for 'Core/Listbox' WindowRenderers.
21/11/2016 13:23:23 (Std) 	WindowRendererFactory 'Core/Listbox' added. (0x1c0dc80)
21/11/2016 13:23:23 (Std) 	Created WindowRendererFactory for 'Core/Menubar' WindowRenderers.
21/11/2016 13:23:23 (Std) 	WindowRendererFactory 'Core/Menubar' added. (0x1c0de20)
21/11/2016 13:23:23 (Std) 	Created WindowRendererFactory for 'Core/MenuItem' WindowRenderers.
21/11/2016 13:23:23 (Std) 	WindowRendererFactory 'Core/MenuItem' added. (0x1c0dfc0)
21/11/2016 13:23:23 (Std) 	Created WindowRendererFactory for 'Core/MultiColumnList' WindowRenderers.
21/11/2016 13:23:23 (Std) 	WindowRendererFactory 'Core/MultiColumnList' added. (0x18cf290)
21/11/2016 13:23:23 (Std) 	Created WindowRendererFactory for 'Core/MultiLineEditbox' WindowRenderers.
21/11/2016 13:23:23 (Std) 	WindowRendererFactory 'Core/MultiLineEditbox' added. (0x18cf430)
21/11/2016 13:23:23 (Std) 	Created WindowRendererFactory for 'Core/PopupMenu' WindowRenderers.
21/11/2016 13:23:23 (Std) 	WindowRendererFactory 'Core/PopupMenu' added. (0x18cf5d0)
21/11/2016 13:23:23 (Std) 	Created WindowRendererFactory for 'Core/ProgressBar' WindowRenderers.
21/11/2016 13:23:23 (Std) 	WindowRendererFactory 'Core/ProgressBar' added. (0x18cf770)
21/11/2016 13:23:23 (Std) 	Created WindowRendererFactory for 'Core/ScrollablePane' WindowRenderers.
21/11/2016 13:23:23 (Std) 	WindowRendererFactory 'Core/ScrollablePane' added. (0x18cf910)
21/11/2016 13:23:23 (Std) 	Created WindowRendererFactory for 'Core/Scrollbar' WindowRenderers.
21/11/2016 13:23:23 (Std) 	WindowRendererFactory 'Core/Scrollbar' added. (0x1c110e0)
21/11/2016 13:23:23 (Std) 	Created WindowRendererFactory for 'Core/Slider' WindowRenderers.
21/11/2016 13:23:23 (Std) 	WindowRendererFactory 'Core/Slider' added. (0x1c11280)
21/11/2016 13:23:23 (Std) 	Created WindowRendererFactory for 'Core/Static' WindowRenderers.
21/11/2016 13:23:23 (Std) 	WindowRendererFactory 'Core/Static' added. (0x1c11530)
21/11/2016 13:23:23 (Std) 	Created WindowRendererFactory for 'Core/StaticImage' WindowRenderers.
21/11/2016 13:23:23 (Std) 	WindowRendererFactory 'Core/StaticImage' added. (0x1c116d0)
21/11/2016 13:23:23 (Std) 	Created WindowRendererFactory for 'Core/StaticText' WindowRenderers.
21/11/2016 13:23:23 (Std) 	WindowRendererFactory 'Core/StaticText' added. (0x1c11870)
21/11/2016 13:23:23 (Std) 	Created WindowRendererFactory for 'Core/TabButton' WindowRenderers.
21/11/2016 13:23:23 (Std) 	WindowRendererFactory 'Core/TabButton' added. (0x1c0e660)
21/11/2016 13:23:23 (Std) 	Created WindowRendererFactory for 'Core/TabControl' WindowRenderers.
21/11/2016 13:23:23 (Std) 	WindowRendererFactory 'Core/TabControl' added. (0x1c0e800)
21/11/2016 13:23:23 (Std) 	Created WindowRendererFactory for 'Core/Titlebar' WindowRenderers.
21/11/2016 13:23:23 (Std) 	WindowRendererFactory 'Core/Titlebar' added. (0x1c0e9a0)
21/11/2016 13:23:23 (Std) 	Created WindowRendererFactory for 'Core/ToggleButton' WindowRenderers.
21/11/2016 13:23:23 (Std) 	WindowRendererFactory 'Core/ToggleButton' added. (0x1c0eb40)
21/11/2016 13:23:23 (Std) 	Created WindowRendererFactory for 'Core/Tooltip' WindowRenderers.
21/11/2016 13:23:23 (Std) 	WindowRendererFactory 'Core/Tooltip' added. (0x1c0ece0)
21/11/2016 13:23:23 (Std) 	Created WindowRendererFactory for 'Core/ItemListbox' WindowRenderers.
21/11/2016 13:23:23 (Std) 	WindowRendererFactory 'Core/ItemListbox' added. (0x18361d0)
21/11/2016 13:23:23 (Std) 	Created WindowRendererFactory for 'Core/Tree' WindowRenderers.
21/11/2016 13:23:23 (Std) 	WindowRendererFactory 'Core/Tree' added. (0x1836370)
21/11/2016 13:23:23 (Std) 	Creating falagard mapping for type 'TaharezLook/Label' using base type 'DefaultWindow', window renderer 'Core/Default' Look'N'Feel 'TaharezLook/Label' and RenderEffect ''. (0x7fff6c701340)
21/11/2016 13:23:23 (Std) 	Creating falagard mapping for type 'TaharezLook/Button' using base type 'CEGUI/PushButton', window renderer 'Core/Button' Look'N'Feel 'TaharezLook/Button' and RenderEffect ''. (0x7fff6c701340)
21/11/2016 13:23:23 (Std) 	Creating falagard mapping for type 'TaharezLook/Checkbox' using base type 'CEGUI/ToggleButton', window renderer 'Core/ToggleButton' Look'N'Feel 'TaharezLook/Checkbox' and RenderEffect ''. (0x7fff6c701340)
21/11/2016 13:23:23 (Std) 	Creating falagard mapping for type 'TaharezLook/ImageButton' using base type 'CEGUI/PushButton', window renderer 'Core/Button' Look'N'Feel 'TaharezLook/ImageButton' and RenderEffect ''. (0x7fff6c701340)
21/11/2016 13:23:23 (Std) 	Creating falagard mapping for type 'TaharezLook/RadioButton' using base type 'CEGUI/RadioButton', window renderer 'Core/ToggleButton' Look'N'Feel 'TaharezLook/RadioButton' and RenderEffect ''. (0x7fff6c701340)
21/11/2016 13:23:23 (Std) 	Creating falagard mapping for type 'TaharezLook/FrameWindow' using base type 'CEGUI/FrameWindow', window renderer 'Core/FrameWindow' Look'N'Feel 'TaharezLook/FrameWindow' and RenderEffect ''. (0x7fff6c701340)
21/11/2016 13:23:23 (Std) 	Creating falagard mapping for type 'TaharezLook/Titlebar' using base type 'CEGUI/Titlebar', window renderer 'Core/Titlebar' Look'N'Feel 'TaharezLook/Titlebar' and RenderEffect ''. (0x7fff6c701340)
21/11/2016 13:23:23 (Std) 	Creating falagard mapping for type 'TaharezLook/Editbox' using base type 'CEGUI/Editbox', window renderer 'Core/Editbox' Look'N'Feel 'TaharezLook/Editbox' and RenderEffect ''. (0x7fff6c701340)
21/11/2016 13:23:23 (Std) 	Creating falagard mapping for type 'TaharezLook/MultiLineEditbox' using base type 'CEGUI/MultiLineEditbox', window renderer 'Core/MultiLineEditbox' Look'N'Feel 'TaharezLook/MultiLineEditbox' and RenderEffect ''. (0x7fff6c701340)
21/11/2016 13:23:23 (Std) 	Creating falagard mapping for type 'TaharezLook/Menubar' using base type 'CEGUI/Menubar', window renderer 'Core/Menubar' Look'N'Feel 'TaharezLook/Menubar' and RenderEffect ''. (0x7fff6c701340)
21/11/2016 13:23:23 (Std) 	Creating falagard mapping for type 'TaharezLook/PopupMenu' using base type 'CEGUI/PopupMenu', window renderer 'Core/PopupMenu' Look'N'Feel 'TaharezLook/PopupMenu' and RenderEffect ''. (0x7fff6c701340)
21/11/2016 13:23:23 (Std) 	Creating falagard mapping for type 'TaharezLook/MenuItem' using base type 'CEGUI/MenuItem', window renderer 'Core/MenuItem' Look'N'Feel 'TaharezLook/MenuItem' and RenderEffect ''. (0x7fff6c701340)
21/11/2016 13:23:23 (Std) 	Creating falagard mapping for type 'TaharezLook/AlternateProgressBar' using base type 'CEGUI/ProgressBar', window renderer 'Core/ProgressBar' Look'N'Feel 'TaharezLook/AltProgressBar' and RenderEffect ''. (0x7fff6c701340)
21/11/2016 13:23:23 (Std) 	Creating falagard mapping for type 'TaharezLook/ProgressBar' using base type 'CEGUI/ProgressBar', window renderer 'Core/ProgressBar' Look'N'Feel 'TaharezLook/ProgressBar' and RenderEffect ''. (0x7fff6c701340)
21/11/2016 13:23:23 (Std) 	Creating falagard mapping for type 'TaharezLook/VUMeter' using base type 'CEGUI/ProgressBar', window renderer 'Core/ProgressBar' Look'N'Feel 'TaharezLook/VUMeter' and RenderEffect ''. (0x7fff6c701340)
21/11/2016 13:23:23 (Std) 	Creating falagard mapping for type 'TaharezLook/VerticalScrollbar' using base type 'CEGUI/Scrollbar', window renderer 'Core/Scrollbar' Look'N'Feel 'TaharezLook/VerticalScrollbar' and RenderEffect ''. (0x7fff6c701340)
21/11/2016 13:23:23 (Std) 	Creating falagard mapping for type 'TaharezLook/HorizontalScrollbar' using base type 'CEGUI/Scrollbar', window renderer 'Core/Scrollbar' Look'N'Feel 'TaharezLook/HorizontalScrollbar' and RenderEffect ''. (0x7fff6c701340)
21/11/2016 13:23:23 (Std) 	Creating falagard mapping for type 'TaharezLook/VerticalScrollbarThumb' using base type 'CEGUI/Thumb', window renderer 'Core/Button' Look'N'Feel 'TaharezLook/VerticalScrollbarThumb' and RenderEffect ''. (0x7fff6c701340)
21/11/2016 13:23:23 (Std) 	Creating falagard mapping for type 'TaharezLook/HorizontalScrollbarThumb' using base type 'CEGUI/Thumb', window renderer 'Core/Button' Look'N'Feel 'TaharezLook/HorizontalScrollbarThumb' and RenderEffect ''. (0x7fff6c701340)
21/11/2016 13:23:23 (Std) 	Creating falagard mapping for type 'TaharezLook/LargeVerticalScrollbar' using base type 'CEGUI/Scrollbar', window renderer 'Core/Scrollbar' Look'N'Feel 'TaharezLook/LargeVerticalScrollbar' and RenderEffect ''. (0x7fff6c701340)
21/11/2016 13:23:23 (Std) 	Creating falagard mapping for type 'TaharezLook/LargeVerticalScrollbarThumb' using base type 'CEGUI/Thumb', window renderer 'Core/Button' Look'N'Feel 'TaharezLook/LargeVerticalScrollbarThumb' and RenderEffect ''. (0x7fff6c701340)
21/11/2016 13:23:23 (Std) 	Creating falagard mapping for type 'TaharezLook/TabButton' using base type 'CEGUI/TabButton', window renderer 'Core/TabButton' Look'N'Feel 'TaharezLook/TabButton' and RenderEffect ''. (0x7fff6c701340)
21/11/2016 13:23:23 (Std) 	Creating falagard mapping for type 'TaharezLook/TabControl' using base type 'CEGUI/TabControl', window renderer 'Core/TabControl' Look'N'Feel 'TaharezLook/TabControl' and RenderEffect ''. (0x7fff6c701340)
21/11/2016 13:23:23 (Std) 	Creating falagard mapping for type 'TaharezLook/TabContentPane' using base type 'DefaultWindow', window renderer 'Core/Default' Look'N'Feel 'TaharezLook/TabContentPane' and RenderEffect ''. (0x7fff6c701340)
21/11/2016 13:23:23 (Std) 	Creating falagard mapping for type 'TaharezLook/TabButtonPane' using base type 'DefaultWindow', window renderer 'Core/Default' Look'N'Feel 'TaharezLook/TabButtonPane' and RenderEffect ''. (0x7fff6c701340)
21/11/2016 13:23:23 (Std) 	Creating falagard mapping for type 'TaharezLook/ComboDropList' using base type 'CEGUI/ComboDropList', window renderer 'Core/Listbox' Look'N'Feel 'TaharezLook/ComboDropList' and RenderEffect ''. (0x7fff6c701340)
21/11/2016 13:23:23 (Std) 	Creating falagard mapping for type 'TaharezLook/ComboEditbox' using base type 'CEGUI/Editbox', window renderer 'Core/Editbox' Look'N'Feel 'TaharezLook/ComboEditbox' and RenderEffect ''. (0x7fff6c701340)
21/11/2016 13:23:23 (Std) 	Creating falagard mapping for type 'TaharezLook/Combobox' using base type 'CEGUI/Combobox', window renderer 'Core/Default' Look'N'Feel 'TaharezLook/Combobox' and RenderEffect ''. (0x7fff6c701340)
21/11/2016 13:23:23 (Std) 	Creating falagard mapping for type 'TaharezLook/Listbox' using base type 'CEGUI/Listbox', window renderer 'Core/Listbox' Look'N'Feel 'TaharezLook/Listbox' and RenderEffect ''. (0x7fff6c701340)
21/11/2016 13:23:23 (Std) 	Creating falagard mapping for type 'TaharezLook/ListHeader' using base type 'CEGUI/ListHeader', window renderer 'Core/ListHeader' Look'N'Feel 'TaharezLook/ListHeader' and RenderEffect ''. (0x7fff6c701340)
21/11/2016 13:23:23 (Std) 	Creating falagard mapping for type 'TaharezLook/ListHeaderSegment' using base type 'CEGUI/ListHeaderSegment', window renderer 'Core/ListHeaderSegment' Look'N'Feel 'TaharezLook/ListHeaderSegment' and RenderEffect ''. (0x7fff6c701340)
21/11/2016 13:23:23 (Std) 	Creating falagard mapping for type 'TaharezLook/MultiColumnList' using base type 'CEGUI/MultiColumnList', window renderer 'Core/MultiColumnList' Look'N'Feel 'TaharezLook/MultiColumnList' and RenderEffect ''. (0x7fff6c701340)
21/11/2016 13:23:23 (Std) 	Creating falagard mapping for type 'TaharezLook/Slider' using base type 'CEGUI/Slider', window renderer 'Core/Slider' Look'N'Feel 'TaharezLook/Slider' and RenderEffect ''. (0x7fff6c701340)
21/11/2016 13:23:23 (Std) 	Creating falagard mapping for type 'TaharezLook/SliderThumb' using base type 'CEGUI/Thumb', window renderer 'Core/Button' Look'N'Feel 'TaharezLook/SliderThumb' and RenderEffect ''. (0x7fff6c701340)
21/11/2016 13:23:23 (Std) 	Creating falagard mapping for type 'TaharezLook/ScrollablePane' using base type 'CEGUI/ScrollablePane', window renderer 'Core/ScrollablePane' Look'N'Feel 'TaharezLook/ScrollablePane' and RenderEffect ''. (0x7fff6c701340)
21/11/2016 13:23:23 (Std) 	Creating falagard mapping for type 'TaharezLook/Spinner' using base type 'CEGUI/Spinner', window renderer 'Core/Default' Look'N'Feel 'TaharezLook/Spinner' and RenderEffect ''. (0x7fff6c701340)
21/11/2016 13:23:23 (Std) 	Creating falagard mapping for type 'TaharezLook/Tooltip' using base type 'CEGUI/Tooltip', window renderer 'Core/Tooltip' Look'N'Feel 'TaharezLook/Tooltip' and RenderEffect ''. (0x7fff6c701340)
21/11/2016 13:23:23 (Std) 	Creating falagard mapping for type 'TaharezLook/StaticImage' using base type 'DefaultWindow', window renderer 'Core/StaticImage' Look'N'Feel 'TaharezLook/StaticImage' and RenderEffect ''. (0x7fff6c701340)
21/11/2016 13:23:23 (Std) 	Creating falagard mapping for type 'TaharezLook/StaticText' using base type 'DefaultWindow', window renderer 'Core/StaticText' Look'N'Feel 'TaharezLook/StaticText' and RenderEffect ''. (0x7fff6c701340)
21/11/2016 13:23:23 (Std) 	Creating falagard mapping for type 'TaharezLook/ItemListbox' using base type 'CEGUI/ItemListbox', window renderer 'Core/ItemListbox' Look'N'Feel 'TaharezLook/ItemListbox' and RenderEffect ''. (0x7fff6c701340)
21/11/2016 13:23:23 (Std) 	Creating falagard mapping for type 'TaharezLook/ListboxItem' using base type 'CEGUI/ItemEntry', window renderer 'Core/ItemEntry' Look'N'Feel 'TaharezLook/ListboxItem' and RenderEffect ''. (0x7fff6c701340)
21/11/2016 13:23:23 (Std) 	Creating falagard mapping for type 'TaharezLook/GroupBox' using base type 'DefaultWindow', window renderer 'Core/Default' Look'N'Feel 'TaharezLook/GroupBox' and RenderEffect ''. (0x7fff6c701340)
21/11/2016 13:23:23 (Std) 	Creating falagard mapping for type 'TaharezLook/Tree' using base type 'CEGUI/Tree', window renderer 'Core/Tree' Look'N'Feel 'TaharezLook/Tree' and RenderEffect ''. (0x7fff6c701340)
21/11/2016 13:23:23 (Std) 	[OgreRenderer] Created texture: DejaVuSans-12_auto_glyph_images_32
